f:\github portfolio\oxogame\x64\debug\oxogame.pch
f:\github portfolio\oxogame\x64\debug\vc143.pdb
f:\github portfolio\oxogame\x64\debug\vc143.idb
f:\github portfolio\oxogame\x64\debug\pch.obj
f:\github portfolio\oxogame\x64\debug\utils.obj
f:\github portfolio\oxogame\x64\debug\structs.obj
f:\github portfolio\oxogame\x64\debug\main.obj
f:\github portfolio\oxogame\x64\debug\game.obj
f:\github portfolio\oxogame\x64\debug\core.obj
f:\github portfolio\oxogame\x64\debug\oxogame.pdb
f:\github portfolio\oxogame\x64\debug\oxogame.tlog\cl.read.1.tlog
f:\github portfolio\oxogame\x64\debug\oxogame.tlog\cl.write.1.tlog
f:\github portfolio\oxogame\x64\debug\oxogame.tlog\cl.command.1.tlog
f:\github portfolio\oxogame\x64\debug\oxogame.tlog\link.read.4.tlog
f:\github portfolio\oxogame\x64\debug\oxogame.tlog\link.read.2.tlog
f:\github portfolio\oxogame\x64\debug\oxogame.tlog\link.read.5.tlog
f:\github portfolio\oxogame\x64\debug\oxogame.tlog\link.read.3.tlog
f:\github portfolio\oxogame\x64\debug\oxogame.tlog\link-rc.read.1.tlog
f:\github portfolio\oxogame\x64\debug\oxogame.tlog\link-rc.write.1.tlog
f:\github portfolio\oxogame\x64\debug\oxogame.tlog\link-cvtres.read.1.tlog
f:\github portfolio\oxogame\x64\debug\oxogame.tlog\link-cvtres.write.1.tlog
f:\github portfolio\oxogame\x64\debug\oxogame.tlog\link.read.6.tlog
f:\github portfolio\oxogame\x64\debug\oxogame.tlog\link.read.1.tlog
f:\github portfolio\oxogame\x64\debug\oxogame.tlog\link.write.1.tlog
f:\github portfolio\oxogame\x64\debug\oxogame.tlog\link.command.1.tlog
